c:\users\yannt\desktop\platformer2\gengine\release\gengine.pdb
c:\users\yannt\desktop\platformer2\gengine\release\spritebatch.obj
c:\users\yannt\desktop\platformer2\gengine\release\screenlist.obj
c:\users\yannt\desktop\platformer2\gengine\release\ressourcemanager.obj
c:\users\yannt\desktop\platformer2\gengine\release\picopng.obj
c:\users\yannt\desktop\platformer2\gengine\release\particleengine2d.obj
c:\users\yannt\desktop\platformer2\gengine\release\particlebatch2d.obj
c:\users\yannt\desktop\platformer2\gengine\release\meshbatch.obj
c:\users\yannt\desktop\platformer2\gengine\release\iomanager.obj
c:\users\yannt\desktop\platformer2\gengine\release\inputmanager.obj
c:\users\yannt\desktop\platformer2\gengine\release\imaingame.obj
c:\users\yannt\desktop\platformer2\gengine\release\imageloader.obj
c:\users\yannt\desktop\platformer2\gengine\release\igamescreen.obj
c:\users\yannt\desktop\platformer2\gengine\release\gui.obj
c:\users\yannt\desktop\platformer2\gengine\release\glslprogram.obj
c:\users\yannt\desktop\platformer2\gengine\release\gengine.obj
c:\users\yannt\desktop\platformer2\gengine\release\errors.obj
c:\users\yannt\desktop\platformer2\gengine\release\debugrenderer.obj
c:\users\yannt\desktop\platformer2\gengine\release\camera2d.obj
c:\users\yannt\desktop\platformer2\gengine\release\audioengine.obj
c:\users\yannt\desktop\platformer2\gengine\release\animation.obj
c:\users\yannt\desktop\platformer2\gengine\release\window.obj
c:\users\yannt\desktop\platformer2\gengine\release\timing.obj
c:\users\yannt\desktop\platformer2\gengine\release\texturecache.obj
c:\users\yannt\desktop\platformer2\gengine\release\spritefont.obj
c:\users\yannt\desktop\platformer2\release\gengine.lib
c:\users\yannt\desktop\platformer2 - copy\gengine\release\animation.obj
c:\users\yannt\desktop\platformer2 - copy\gengine\release\audioengine.obj
c:\users\yannt\desktop\platformer2 - copy\gengine\release\camera2d.obj
c:\users\yannt\desktop\platformer2 - copy\gengine\release\debugrenderer.obj
c:\users\yannt\desktop\platformer2 - copy\gengine\release\errors.obj
c:\users\yannt\desktop\platformer2 - copy\gengine\release\gengine.obj
c:\users\yannt\desktop\platformer2 - copy\gengine\release\glslprogram.obj
c:\users\yannt\desktop\platformer2 - copy\gengine\release\gui.obj
c:\users\yannt\desktop\platformer2 - copy\gengine\release\igamescreen.obj
c:\users\yannt\desktop\platformer2 - copy\gengine\release\imageloader.obj
c:\users\yannt\desktop\platformer2 - copy\gengine\release\imaingame.obj
c:\users\yannt\desktop\platformer2 - copy\gengine\release\inputmanager.obj
c:\users\yannt\desktop\platformer2 - copy\gengine\release\iomanager.obj
c:\users\yannt\desktop\platformer2 - copy\gengine\release\meshbatch.obj
c:\users\yannt\desktop\platformer2 - copy\gengine\release\particlebatch2d.obj
c:\users\yannt\desktop\platformer2 - copy\gengine\release\particleengine2d.obj
c:\users\yannt\desktop\platformer2 - copy\gengine\release\picopng.obj
c:\users\yannt\desktop\platformer2 - copy\gengine\release\ressourcemanager.obj
c:\users\yannt\desktop\platformer2 - copy\gengine\release\screenlist.obj
c:\users\yannt\desktop\platformer2 - copy\gengine\release\spritebatch.obj
c:\users\yannt\desktop\platformer2 - copy\gengine\release\spritefont.obj
c:\users\yannt\desktop\platformer2 - copy\gengine\release\texturecache.obj
c:\users\yannt\desktop\platformer2 - copy\gengine\release\timing.obj
c:\users\yannt\desktop\platformer2 - copy\gengine\release\window.obj
c:\users\yannt\desktop\platformer2 - copy\gengine\release\gengine.pdb
c:\users\yannt\desktop\platformer2 - copy\release\gengine.lib
c:\users\yannt\desktop\platformer2 - copy\gengine\release\gengine.tlog\cl.command.1.tlog
c:\users\yannt\desktop\platformer2 - copy\gengine\release\gengine.tlog\cl.read.1.tlog
c:\users\yannt\desktop\platformer2 - copy\gengine\release\gengine.tlog\cl.write.1.tlog
c:\users\yannt\desktop\platformer2 - copy\gengine\release\gengine.tlog\lib-link.read.1.tlog
c:\users\yannt\desktop\platformer2 - copy\gengine\release\gengine.tlog\lib-link.write.1.tlog
c:\users\yannt\desktop\platformer2 - copy\gengine\release\gengine.tlog\lib.command.1.tlog
