c:\users\yannpelletier\desktop\platformer\gengine\debug\gengine.pdb
c:\users\yannpelletier\desktop\platformer\gengine\debug\gengine.idb
c:\users\yannpelletier\desktop\platformer\gengine\debug\camera2d.obj
c:\users\yannpelletier\desktop\platformer\gengine\debug\debugrenderer.obj
c:\users\yannpelletier\desktop\platformer\gengine\debug\errors.obj
c:\users\yannpelletier\desktop\platformer\gengine\debug\gengine.obj
c:\users\yannpelletier\desktop\platformer\gengine\debug\glslprogram.obj
c:\users\yannpelletier\desktop\platformer\gengine\debug\igamescreen.obj
c:\users\yannpelletier\desktop\platformer\gengine\debug\imageloader.obj
c:\users\yannpelletier\desktop\platformer\gengine\debug\imaingame.obj
c:\users\yannpelletier\desktop\platformer\gengine\debug\inputmanager.obj
c:\users\yannpelletier\desktop\platformer\gengine\debug\iomanager.obj
c:\users\yannpelletier\desktop\platformer\gengine\debug\particlebatch2d.obj
c:\users\yannpelletier\desktop\platformer\gengine\debug\particleengine2d.obj
c:\users\yannpelletier\desktop\platformer\gengine\debug\picopng.obj
c:\users\yannpelletier\desktop\platformer\gengine\debug\ressourcemanager.obj
c:\users\yannpelletier\desktop\platformer\gengine\debug\screenlist.obj
c:\users\yannpelletier\desktop\platformer\gengine\debug\spritebatch.obj
c:\users\yannpelletier\desktop\platformer\gengine\debug\spritefont.obj
c:\users\yannpelletier\desktop\platformer\gengine\debug\texturecache.obj
c:\users\yannpelletier\desktop\platformer\gengine\debug\timing.obj
c:\users\yannpelletier\desktop\platformer\gengine\debug\window.obj
c:\users\yannpelletier\desktop\platformer\gengine\debug\animation.obj
c:\users\yannpelletier\desktop\platformer\gengine\debug\audioengine.obj
c:\users\yannpelletier\desktop\platformer\debug\gengine.lib
c:\users\e0415679\desktop\platformer\gengine\debug\animation.obj
c:\users\e0415679\desktop\platformer\gengine\debug\audioengine.obj
c:\users\e0415679\desktop\platformer\gengine\debug\camera2d.obj
c:\users\e0415679\desktop\platformer\gengine\debug\debugrenderer.obj
c:\users\e0415679\desktop\platformer\gengine\debug\errors.obj
c:\users\e0415679\desktop\platformer\gengine\debug\gengine.obj
c:\users\e0415679\desktop\platformer\gengine\debug\glslprogram.obj
c:\users\e0415679\desktop\platformer\gengine\debug\igamescreen.obj
c:\users\e0415679\desktop\platformer\gengine\debug\imageloader.obj
c:\users\e0415679\desktop\platformer\gengine\debug\imaingame.obj
c:\users\e0415679\desktop\platformer\gengine\debug\inputmanager.obj
c:\users\e0415679\desktop\platformer\gengine\debug\iomanager.obj
c:\users\e0415679\desktop\platformer\gengine\debug\particlebatch2d.obj
c:\users\e0415679\desktop\platformer\gengine\debug\particleengine2d.obj
c:\users\e0415679\desktop\platformer\gengine\debug\picopng.obj
c:\users\e0415679\desktop\platformer\gengine\debug\ressourcemanager.obj
c:\users\e0415679\desktop\platformer\gengine\debug\screenlist.obj
c:\users\e0415679\desktop\platformer\gengine\debug\spritebatch.obj
c:\users\e0415679\desktop\platformer\gengine\debug\spritefont.obj
c:\users\e0415679\desktop\platformer\gengine\debug\texturecache.obj
c:\users\e0415679\desktop\platformer\gengine\debug\timing.obj
c:\users\e0415679\desktop\platformer\gengine\debug\window.obj
c:\users\e0415679\desktop\platformer\gengine\debug\gengine.idb
c:\users\e0415679\desktop\platformer\gengine\debug\gengine.pdb
c:\users\e0415679\desktop\platformer\debug\gengine.pdb
c:\users\e0415679\desktop\platformer\debug\gengine.lib
c:\users\e0415679\desktop\platformer\gengine\debug\gengine.tlog\cl.command.1.tlog
c:\users\e0415679\desktop\platformer\gengine\debug\gengine.tlog\cl.read.1.tlog
c:\users\e0415679\desktop\platformer\gengine\debug\gengine.tlog\cl.write.1.tlog
c:\users\e0415679\desktop\platformer\gengine\debug\gengine.tlog\lib-link.read.1.tlog
c:\users\e0415679\desktop\platformer\gengine\debug\gengine.tlog\lib-link.write.1.tlog
c:\users\e0415679\desktop\platformer\gengine\debug\gengine.tlog\lib.command.1.tlog
