Build started 2016-09-27 19:31:32.
     1>Project "C:\Users\YannPelletier\Desktop\Platformer2\Gengine\Gengine.vcxproj" on node 2 (Build target(s)).
     1>Lib:
         C:\Program Files (x86)\Microsoft Visual Studio 14.0\VC\bin\Lib.exe /OUT:"C:\Users\YannPelletier\Desktop\Platformer2\Debug\Gengine.lib" /LIBPATH:C:\Users\YannPelletier\Desktop\Platformer2\../boost_1_57_0/stage/lib /NOLOGO Debug\animation.obj
         Debug\audioEngine.obj
         Debug\camera2D.obj
         Debug\debugRenderer.obj
         Debug\errors.obj
         Debug\gengine.obj
         Debug\GLSLProgram.obj
         Debug\GUI.obj
         Debug\iGameScreen.obj
         Debug\imageLoader.obj
         Debug\iMainGame.obj
         Debug\inputManager.obj
         Debug\IOManager.obj
         Debug\meshBatch.obj
         Debug\particleBatch2D.obj
         Debug\particleEngine2D.obj
         Debug\picoPNG.obj
         Debug\ressourceManager.obj
         Debug\screenList.obj
         Debug\spriteBatch.obj
         Debug\spriteFont.obj
         Debug\textureCache.obj
         Debug\timing.obj
         Debug\window.obj
     1>iGameScreen.obj : warning LNK4221: This object file does not define any previously undefined public symbols, so it will not be used by any link operation that consumes this library
         Gengine.vcxproj -> C:\Users\YannPelletier\Desktop\Platformer2\Debug\Gengine.lib
     1>Done Building Project "C:\Users\YannPelletier\Desktop\Platformer2\Gengine\Gengine.vcxproj" (Build target(s)).

Build succeeded.

Time Elapsed 00:00:01.51
