j:\platformer\platformer\debug\vc140.pdb
c:\users\yannpelletier\desktop\platformer versions\platformer\platformer\debug\vc140.pdb
c:\users\yannpelletier\desktop\platformer versions\platformer\platformer\debug\vc140.idb
c:\users\yannpelletier\desktop\platformer\platformer\debug\vc140.pdb
c:\users\yannpelletier\desktop\platformer\platformer\debug\vc140.idb
c:\users\yannpelletier\desktop\platformer\platformer\debug\box.obj
c:\users\yannpelletier\desktop\platformer\platformer\debug\capsule.obj
c:\users\yannpelletier\desktop\platformer\platformer\debug\entity.obj
c:\users\yannpelletier\desktop\platformer\platformer\debug\globals.obj
c:\users\yannpelletier\desktop\platformer\platformer\debug\player.obj
c:\users\yannpelletier\desktop\platformer\platformer\debug\world.obj
c:\users\yannpelletier\desktop\platformer\platformer\debug\material.obj
c:\users\yannpelletier\desktop\platformer\platformer\debug\app.obj
c:\users\yannpelletier\desktop\platformer\platformer\debug\gameplayscreen.obj
c:\users\yannpelletier\desktop\platformer\platformer\debug\main.obj
c:\users\yannpelletier\desktop\platformer\platformer\debug\tile.obj
c:\users\yannpelletier\desktop\platformer\platformer\debug\tilebatch.obj
j:\platformer\debug\platformer.ilk
j:\platformer\debug\platformer.exe
j:\platformer\debug\platformer.pdb
c:\users\yannpelletier\desktop\platformer versions\platformer\debug\platformer.ilk
c:\users\yannpelletier\desktop\platformer versions\platformer\debug\platformer.exe
c:\users\yannpelletier\desktop\platformer versions\platformer\debug\platformer.pdb
c:\users\yannpelletier\desktop\platformer\platformer\debug\platformer.ilk
c:\users\yannpelletier\desktop\platformer\platformer\debug\platformer.pdb
c:\users\yannpelletier\desktop\platformer\debug\platformer.pdb
c:\users\yannpelletier\desktop\platformer\platformer\debug\platformer.tlog\cl.command.1.tlog
c:\users\yannpelletier\desktop\platformer\platformer\debug\platformer.tlog\cl.read.1.tlog
c:\users\yannpelletier\desktop\platformer\platformer\debug\platformer.tlog\cl.write.1.tlog
c:\users\yannpelletier\desktop\platformer\platformer\debug\platformer.tlog\link.command.1.tlog
c:\users\yannpelletier\desktop\platformer\platformer\debug\platformer.tlog\link.read.1.tlog
c:\users\yannpelletier\desktop\platformer\platformer\debug\platformer.tlog\link.write.1.tlog
