Build started 2016-09-27 19:35:20.
     1>Project "C:\Users\YannPelletier\Desktop\Platformer2\Platformer\Platformer.vcxproj" on node 2 (Build target(s)).
     1>ClCompile:
         C:\Program Files (x86)\Microsoft Visual Studio 14.0\VC\bin\CL.exe /c /IC:\Users\YannPelletier\Desktop\Platformer2\/../boost_1_57_0 /ZI /nologo /W3 /WX- /sdl /Od /Oy- /D _SCL_SECURE_NO_WARNINGS /D _MBCS /Gm /EHsc /RTC1 /MTd /GS /fp:precise /Zc:wchar_t /Zc:forScope /Zc:inline /Fo"Debug\\" /Fd"Debug\vc140.pdb" /Gd /TP /analyze- /errorReport:prompt gameplayScreen.cpp
         gameplayScreen.cpp
         Unknown compiler version - please run the configure tests and report the results
     1>c:\users\yannpelletier\desktop\platformer2\platformer\lightsystem.h(22): warning C4018: '<': signed/unsigned mismatch
     1>c:\users\yannpelletier\desktop\platformer2\platformer\lightsystem.h(78): warning C4018: '<': signed/unsigned mismatch
     1>c:\users\yannpelletier\desktop\platformer2\platformer\lightsystem.h(241): warning C4244: '=': conversion from 'float' to 'int', possible loss of data
     1>c:\users\yannpelletier\desktop\platformer2\platformer\world.h(96): warning C4244: 'argument': conversion from 'const int' to 'float', possible loss of data
     1>c:\users\yannpelletier\desktop\platformer2\deps\include\cegui\exceptions.h(41): warning C4275: non dll-interface class 'std::exception' used as base for dll-interface class 'CEGUI::Exception'
         c:\program files (x86)\microsoft visual studio 14.0\vc\include\vcruntime_exception.h(43): note: see declaration of 'std::exception'
         c:\users\yannpelletier\desktop\platformer2\deps\include\cegui\exceptions.h(40): note: see declaration of 'CEGUI::Exception'
     1>c:\users\yannpelletier\desktop\platformer2\platformer\gameplayscreen.cpp(44): warning C4244: 'argument': conversion from 'const int' to 'float', possible loss of data
     1>c:\users\yannpelletier\desktop\platformer2\platformer\gameplayscreen.cpp(48): warning C4244: 'argument': conversion from 'const int' to 'float', possible loss of data
     1>c:\users\yannpelletier\desktop\platformer2\platformer\gameplayscreen.cpp(60): warning C4244: 'argument': conversion from 'time_t' to 'int', possible loss of data
     1>c:\users\yannpelletier\desktop\platformer2\platformer\gameplayscreen.cpp(95): warning C4244: 'initializing': conversion from 'Uint32' to 'float', possible loss of data
     1>c:\program files (x86)\microsoft visual studio 14.0\vc\include\memory(1636): warning C4244: 'argument': conversion from 'int' to 'float', possible loss of data
         c:\users\yannpelletier\desktop\platformer2\platformer\gameplayscreen.cpp(37): note: see reference to function template instantiation 'std::unique_ptr<world,std::default_delete<_Ty>> std::make_unique<world,int>(int &&)' being compiled
                 with
                 [
                     _Ty=world
                 ]
     1>c:\program files (x86)\microsoft visual studio 14.0\vc\include\memory(1636): warning C4316: 'world': object allocated on the heap may not be aligned 16
       Link:
         C:\Program Files (x86)\Microsoft Visual Studio 14.0\VC\bin\link.exe /ERRORREPORT:PROMPT /OUT:"C:\Users\YannPelletier\Desktop\Platformer2\Debug\Platformer.exe" /INCREMENTAL /NOLOGO /LIBPATH:C:\Users\YannPelletier\Desktop\Platformer2\../boost_1_57_0/stage/lib SDL2.lib SDL2main.lib glew32.lib opengl32.lib SDL2_ttf.lib SDL2_mixer.lib Gengine.lib Box2D.lib "CEGUIBase-0_d.lib" "CEGUIOpenGLRenderer-0_d.lib" "spine-c.lib" kernel32.lib user32.lib gdi32.lib winspool.lib comdlg32.lib advapi32.lib shell32.lib ole32.lib oleaut32.lib uuid.lib odbc32.lib odbccp32.lib /MANIFEST /MANIFESTUAC:"level='asInvoker' uiAccess='false'" /manifest:embed /Debug /PDB:"C:\Users\YannPelletier\Desktop\Platformer2\Debug\Platformer.pdb" /SUBSYSTEM:CONSOLE /TLBID:1 /DYNAMICBASE /NXCOMPAT /IMPLIB:"C:\Users\YannPelletier\Desktop\Platformer2\Debug\Platformer.lib" /MACHINE:X86 Debug\agent.obj
         Debug\app.obj
         Debug\body.obj
         Debug\definition.obj
         Debug\entity.obj
         Debug\gameplayScreen.obj
         Debug\globals.obj
         Debug\GUI.obj
         Debug\heldItem.obj
         Debug\inventory.obj
         Debug\inventoryItem.obj
         Debug\itemDefinition.obj
         Debug\jsoncpp.obj
         Debug\lightSystem.obj
         Debug\luaHandler.obj
         Debug\lapi.obj
         Debug\lauxlib.obj
         Debug\lbaselib.obj
         Debug\lbitlib.obj
         Debug\lcode.obj
         Debug\lcorolib.obj
         Debug\lctype.obj
         Debug\ldblib.obj
         Debug\ldebug.obj
         Debug\ldo.obj
         Debug\ldump.obj
         Debug\lfunc.obj
         Debug\lgc.obj
         Debug\linit.obj
         Debug\liolib.obj
         Debug\llex.obj
         Debug\lmathlib.obj
         Debug\lmem.obj
         Debug\loadlib.obj
         Debug\lobject.obj
         Debug\lopcodes.obj
         Debug\loslib.obj
         Debug\lparser.obj
         Debug\lstate.obj
         Debug\lstring.obj
         Debug\lstrlib.obj
         Debug\ltable.obj
         Debug\ltablib.obj
         Debug\ltm.obj
         Debug\lundump.obj
         Debug\lutf8lib.obj
         Debug\lvm.obj
         Debug\lzio.obj
         Debug\main.obj
         Debug\material.obj
         Debug\materialMod.obj
         Debug\materialModInstance.obj
         Debug\NPC.obj
         Debug\particle.obj
         Debug\particleEmitter.obj
         Debug\perlinNoise.obj
         Debug\placable_item.obj
         Debug\player.obj
         Debug\projectile.obj
         Debug\skeleton.obj
         Debug\tile.obj
         Debug\tileBatch.obj
         Debug\tileDef.obj
         Debug\timer.obj
         Debug\usable_item.obj
         Debug\userData.obj
         Debug\world.obj
         Debug\worldGenerator.obj
         Platformer.vcxproj -> C:\Users\YannPelletier\Desktop\Platformer2\Debug\Platformer.exe
     1>Done Building Project "C:\Users\YannPelletier\Desktop\Platformer2\Platformer\Platformer.vcxproj" (Build target(s)).

Build succeeded.

Time Elapsed 00:00:05.50
